app/build/outputs/logs/manifest-merger-debug-report.txt
-- Merging decision tree log ---
manifest
ADDED from src/main/AndroidManifest.xml:2:1-51:12
	package
		ADDED from src/main/AndroidManifest.xml:3:5-53
		INJECTED from src/main/AndroidManifest.xml
		INJECTED from src/main/AndroidManifest.xml
	android:versionName
		INJECTED from src/main/AndroidManifest.xml
		INJECTED from src/main/AndroidManifest.xml
	xmlns:android
		ADDED from src/main/AndroidManifest.xml:2:11-69
	android:versionCode
		INJECTED from src/main/AndroidManifest.xml
		INJECTED from src/main/AndroidManifest.xml
application
ADDED from src/main/AndroidManifest.xml:5:5-49:19
MERGED from [com.android.support:appcompat-v7:23.4.0] AndroidManifest.xml:25:5-20
MERGED from [com.android.support:animated-vector-drawable:23.4.0] AndroidManifest.xml:7:5-20
MERGED from [com.android.support:support-vector-drawable:23.4.0] AndroidManifest.xml:7:5-20
MERGED from [com.android.support:support-v4:23.4.0] AndroidManifest.xml:22:5-20
	android:label
		ADDED from src/main/AndroidManifest.xml:7:9-41
	android:icon
		ADDED from src/main/AndroidManifest.xml:6:9-43
	android:theme
		ADDED from src/main/AndroidManifest.xml:8:9-40
activity#net.lucode.hackware.magicindicatordemo.example.ExampleMainActivity
ADDED from src/main/AndroidManifest.xml:10:9-15:20
	android:name
		ADDED from src/main/AndroidManifest.xml:10:19-62
intent-filter#android.intent.action.MAIN+android.intent.category.LAUNCHER
ADDED from src/main/AndroidManifest.xml:11:13-14:29
action#android.intent.action.MAIN
ADDED from src/main/AndroidManifest.xml:12:17-69
	android:name
		ADDED from src/main/AndroidManifest.xml:12:25-66
category#android.intent.category.LAUNCHER
ADDED from src/main/AndroidManifest.xml:13:17-77
	android:name
		ADDED from src/main/AndroidManifest.xml:13:27-74
activity#net.lucode.hackware.magicindicatordemo.example.ScrollableTabExampleActivity
ADDED from src/main/AndroidManifest.xml:17:9-19:54
	android:label
		ADDED from src/main/AndroidManifest.xml:19:13-51
	android:name
		ADDED from src/main/AndroidManifest.xml:18:13-65
activity#net.lucode.hackware.magicindicatordemo.example.FixedTabExampleActivity
ADDED from src/main/AndroidManifest.xml:21:9-23:49
	android:label
		ADDED from src/main/AndroidManifest.xml:23:13-46
	android:name
		ADDED from src/main/AndroidManifest.xml:22:13-60
activity#net.lucode.hackware.magicindicatordemo.example.DynamicTabExampleActivity
ADDED from src/main/AndroidManifest.xml:25:9-27:51
	android:label
		ADDED from src/main/AndroidManifest.xml:27:13-48
	android:name
		ADDED from src/main/AndroidManifest.xml:26:13-62
activity#net.lucode.hackware.magicindicatordemo.example.NoTabOnlyIndicatorExampleActivity
ADDED from src/main/AndroidManifest.xml:29:9-31:61
	android:label
		ADDED from src/main/AndroidManifest.xml:31:13-58
	android:name
		ADDED from src/main/AndroidManifest.xml:30:13-70
activity#net.lucode.hackware.magicindicatordemo.example.FragmentContainerExampleActivity
ADDED from src/main/AndroidManifest.xml:33:9-35:68
	android:label
		ADDED from src/main/AndroidManifest.xml:35:13-65
	android:name
		ADDED from src/main/AndroidManifest.xml:34:13-69
activity#net.lucode.hackware.magicindicatordemo.example.BadgeTabExampleActivity
ADDED from src/main/AndroidManifest.xml:37:9-39:59
	android:label
		ADDED from src/main/AndroidManifest.xml:39:13-56
	android:name
		ADDED from src/main/AndroidManifest.xml:38:13-60
activity#net.lucode.hackware.magicindicatordemo.example.CustomNavigatorExampleActivity
ADDED from src/main/AndroidManifest.xml:41:9-43:56
	android:label
		ADDED from src/main/AndroidManifest.xml:43:13-53
	android:name
		ADDED from src/main/AndroidManifest.xml:42:13-67
activity#net.lucode.hackware.magicindicatordemo.example.LoadCustomLayoutExampleActivity
ADDED from src/main/AndroidManifest.xml:45:9-47:62
	android:label
		ADDED from src/main/AndroidManifest.xml:47:13-59
	android:name
		ADDED from src/main/AndroidManifest.xml:46:13-68
uses-sdk
INJECTED from src/main/AndroidManifest.xml reason: use-sdk injection requested
MERGED from [MagicIndicator:magicindicator:unspecified] AndroidManifest.xml:8:5-10:41
MERGED from [com.android.support:appcompat-v7:23.4.0] AndroidManifest.xml:21:5-23:78
MERGED from [com.android.support:animated-vector-drawable:23.4.0] AndroidManifest.xml:5:5-44
MERGED from [com.android.support:support-vector-drawable:23.4.0] AndroidManifest.xml:5:5-43
MERGED from [com.android.support:support-v4:23.4.0] AndroidManifest.xml:20:5-43
	tools:overrideLibrary
		ADDED from [com.android.support:appcompat-v7:23.4.0] AndroidManifest.xml:23:9-75
	android:targetSdkVersion
		INJECTED from src/main/AndroidManifest.xml
		INJECTED from src/main/AndroidManifest.xml
	android:minSdkVersion
		INJECTED from src/main/AndroidManifest.xml
		INJECTED from src/main/AndroidManifest.xml